<?xml version="1.0" encoding="UTF-8"?>
<!-- Generated by org.testng.reporters.JUnitXMLReporter -->
<testsuite ignored="2" hostname="jogwksxxxx" failures="0" tests="1" name="Default test" time="11.347" errors="0" timestamp="2022-05-06T19:22:37 WIB">
  <testcase classname="qaautomation.march2022.AppTestAfterPOM" name="loginSuccess" time="0.81"/>
  <testcase classname="qaautomation.march2022.AppTestAfterPOM" name="loginFailed" time="0.0">
    <ignored/>
  </testcase> <!-- loginFailed -->
  <testcase classname="qaautomation.march2022.AppTestAfterPOM" name="noClickLogin" time="0.0">
    <ignored/>
  </testcase> <!-- noClickLogin -->
</testsuite> <!-- Default test -->
