<?xml version="1.0" encoding="UTF-8"?>
<!-- Generated by org.testng.reporters.JUnitXMLReporter -->
<testsuite ignored="0" hostname="jogwksxxxx" failures="0" tests="3" name="Test" time="24.133" errors="0" timestamp="2022-05-12T10:52:38 ICT">
  <testcase classname="qaautomation.march2022.task.APIRegKolak" name="testLoginAPI" time="2.895"/>
  <testcase classname="qaautomation.march2022.task.AppTestYop" name="getFirstMsg" time="2.377"/>
  <testcase classname="qaautomation.march2022.task.AppTestYop" name="searchSuccess" time="2.346"/>
</testsuite> <!-- Test -->
