<?xml version="1.0" encoding="UTF-8"?>
<!-- Generated by org.testng.reporters.JUnitXMLReporter -->
<testsuite hostname="JO2WKS0434" ignored="0" name="Test" tests="11" failures="0" timestamp="2022-04-23T16:14:34 ICT" time="55.943" errors="0">
  <testcase name="test" time="0.971" classname="qaautomation.march2022.AppTestAfterRefactor"/>
  <testcase name="test" time="0.988" classname="qaautomation.march2022.AppTest"/>
  <testcase name="test2" time="0.327" classname="qaautomation.march2022.AppTestAfterRefactor"/>
  <testcase name="test3" time="0.941" classname="qaautomation.march2022.AppTestAfterRefactor"/>
  <testcase name="loginFailed" time="1.344" classname="qaautomation.march2022.AppTestAfterPOM"/>
  <testcase name="loginSuccess" time="1.205" classname="qaautomation.march2022.AppTestAfterPOM"/>
  <testcase name="noClickLogin" time="0.334" classname="qaautomation.march2022.AppTestAfterPOM"/>
  <testcase name="loginPwdFailed" time="0.98" classname="qaautomation.march2022.AppTestAfterPageFactory"/>
  <testcase name="loginSuccess" time="0.886" classname="qaautomation.march2022.AppTestAfterPageFactory"/>
  <testcase name="loginUserFailed" time="0.886" classname="qaautomation.march2022.AppTestAfterPageFactory"/>
  <testcase name="noClickLogin" time="0.177" classname="qaautomation.march2022.AppTestAfterPageFactory"/>
</testsuite> <!-- Test -->
