<?xml version="1.0" encoding="UTF-8"?>
<!-- Generated by org.testng.reporters.JUnitXMLReporter -->
<testsuite ignored="0" hostname="jogwksxxxx" failures="0" tests="3" name="Test" time="9.054" errors="0" timestamp="2022-05-14T09:53:36 ICT">
  <testcase classname="qaautomation.march2022.APITestRefactor" name="testDashboardAPI" time="1.541"/>
  <testcase classname="qaautomation.march2022.APITestRefactor" name="testDashboardWithoutParam" time="1.061"/>
  <testcase classname="qaautomation.march2022.APITestRefactor" name="testDashboardWithoutToken" time="0.806"/>
</testsuite> <!-- Test -->
