<?xml version="1.0" encoding="UTF-8"?>
<testng-results ignored="0" total="1" passed="1" failed="0" skipped="0">
  <reporter-output>
  </reporter-output>
  <suite started-at="2022-05-06T19:51:00 WIB" name="Suite" finished-at="2022-05-06T19:51:04 WIB" duration-ms="4433">
    <groups>
    </groups>
    <test started-at="2022-05-06T19:51:00 WIB" name="Test" finished-at="2022-05-06T19:51:04 WIB" duration-ms="4433">
      <class name="qaautomation.march2022.APITestRefactor">
        <test-method is-config="true" signature="login()[pri:0, instance:qaautomation.march2022.APITestRefactor@7b02e036]" started-at="2022-05-06T19:51:00 WIB" name="login" finished-at="2022-05-06T19:51:03 WIB" duration-ms="3032" status="PASS">
          <reporter-output>
          </reporter-output>
        </test-method> <!-- login -->
        <test-method signature="testDashboardAPI()[pri:0, instance:qaautomation.march2022.APITestRefactor@7b02e036]" started-at="2022-05-06T19:51:03 WIB" name="testDashboardAPI" finished-at="2022-05-06T19:51:04 WIB" duration-ms="1326" status="PASS">
          <reporter-output>
          </reporter-output>
        </test-method> <!-- testDashboardAPI -->
      </class> <!-- qaautomation.march2022.APITestRefactor -->
    </test> <!-- Test -->
  </suite> <!-- Suite -->
</testng-results>
