<?xml version="1.0" encoding="UTF-8"?>
<testsuite xmlns:xsi="http://www.w3.org/2001/XMLSchema-instance" xsi:noNamespaceSchemaLocation="https://maven.apache.org/surefire/maven-surefire-plugin/xsd/surefire-test-report-3.0.xsd" version="3.0" name="TestSuite" time="9.988" tests="3" errors="0" skipped="0" failures="0">
  <properties>
[...]
</properties>
  <testcase name="testDashboardAPI" classname="qaautomation.march2022.APITestRefactor" time="1.546">
    <system-out><![CDATA[Request method:	POST
Request URI:	https://api-staging-builder.engineer.ai/users/sign_in
Proxy:			<none>
Request params:	<none>
Query params:	<none>
Form params:	<none>
Path params:	<none>
Headers:		Accept=*/*
				Content-Type=application/json
Cookies:		<none>
Multiparts:		<none>
Body:
{
    "email": "yurie.azure@gmail.com",
    "password": "builder123"
}
qtKPGysSCxLrrQvisxNw
Request method:	GET
Request URI:	https://api-staging-builder.engineer.ai/build_cards?status=completed
Proxy:			<none>
Request params:	status=completed
Query params:	<none>
Form params:	<none>
Path params:	<none>
Headers:		authtoken=qtKPGysSCxLrrQvisxNw
				Accept=*/*
				Content-Type=application/json
Cookies:		<none>
Multiparts:		<none>
Body:			<none>
]]></system-out>
  </testcase>
  <testcase name="testDashboardWithoutParam" classname="qaautomation.march2022.APITestRefactor" time="1.063">
    <system-out><![CDATA[Request method:	POST
Request URI:	https://api-staging-builder.engineer.ai/users/sign_in
Proxy:			<none>
Request params:	<none>
Query params:	<none>
Form params:	<none>
Path params:	<none>
Headers:		Accept=*/*
				Content-Type=application/json
Cookies:		<none>
Multiparts:		<none>
Body:
{
    "email": "yurie.azure@gmail.com",
    "password": "builder123"
}
3L9yVb5Pu1Gh6z_YtCxa
Request method:	GET
Request URI:	https://api-staging-builder.engineer.ai/build_cards
Proxy:			<none>
Request params:	<none>
Query params:	<none>
Form params:	<none>
Path params:	<none>
Headers:		authtoken=3L9yVb5Pu1Gh6z_YtCxa
				Accept=*/*
				Content-Type=application/json
Cookies:		<none>
Multiparts:		<none>
Body:			<none>
]]></system-out>
  </testcase>
  <testcase name="testDashboardWithoutToken" classname="qaautomation.march2022.APITestRefactor" time="0.807">
    <system-out><![CDATA[Request method:	POST
Request URI:	https://api-staging-builder.engineer.ai/users/sign_in
Proxy:			<none>
Request params:	<none>
Query params:	<none>
Form params:	<none>
Path params:	<none>
Headers:		Accept=*/*
				Content-Type=application/json
Cookies:		<none>
Multiparts:		<none>
Body:
{
    "email": "yurie.azure@gmail.com",
    "password": "builder123"
}
Ay86XJp7n4y5DzT_3Tzg
Request method:	GET
Request URI:	https://api-staging-builder.engineer.ai/build_cards?status=completed
Proxy:			<none>
Request params:	status=completed
Query params:	<none>
Form params:	<none>
Path params:	<none>
Headers:		Accept=*/*
				Content-Type=application/json
Cookies:		<none>
Multiparts:		<none>
Body:			<none>
]]></system-out>
  </testcase>
</testsuite>