<?xml version="1.0" encoding="UTF-8"?>
<testng-results ignored="2" total="3" passed="1" failed="0" skipped="0">
  <reporter-output>
  </reporter-output>
  <suite started-at="2022-05-06T19:22:26 WIB" name="Default suite" finished-at="2022-05-06T19:22:37 WIB" duration-ms="11347">
    <groups>
    </groups>
    <test started-at="2022-05-06T19:22:26 WIB" name="Default test" finished-at="2022-05-06T19:22:37 WIB" duration-ms="11347">
      <class name="qaautomation.march2022.AppTestAfterPOM">
        <test-method is-config="true" signature="setUp()[pri:0, instance:qaautomation.march2022.AppTestAfterPOM@7a55af6b]" started-at="2022-05-06T19:22:26 WIB" name="setUp" finished-at="2022-05-06T19:22:36 WIB" duration-ms="10327" status="PASS">
          <reporter-output>
          </reporter-output>
        </test-method> <!-- setUp -->
        <test-method signature="loginSuccess()[pri:0, instance:qaautomation.march2022.AppTestAfterPOM@7a55af6b]" started-at="2022-05-06T19:22:36 WIB" name="loginSuccess" finished-at="2022-05-06T19:22:37 WIB" duration-ms="810" status="PASS">
          <reporter-output>
          </reporter-output>
        </test-method> <!-- loginSuccess -->
        <test-method is-config="true" signature="cleanUp()[pri:0, instance:qaautomation.march2022.AppTestAfterPOM@7a55af6b]" started-at="2022-05-06T19:22:37 WIB" name="cleanUp" finished-at="2022-05-06T19:22:37 WIB" duration-ms="120" status="PASS">
          <reporter-output>
          </reporter-output>
        </test-method> <!-- cleanUp -->
      </class> <!-- qaautomation.march2022.AppTestAfterPOM -->
    </test> <!-- Default test -->
  </suite> <!-- Default suite -->
</testng-results>
