<?xml version="1.0" encoding="UTF-8"?>
<testng-results ignored="0" total="3" passed="3" failed="0" skipped="0">
  <reporter-output>
  </reporter-output>
  <suite started-at="2022-05-12T10:52:13 ICT" name="Suite" finished-at="2022-05-12T10:52:38 ICT" duration-ms="24133">
    <groups>
    </groups>
    <test started-at="2022-05-12T10:52:13 ICT" name="Test" finished-at="2022-05-12T10:52:38 ICT" duration-ms="24133">
      <class name="qaautomation.march2022.task.APIRegKolak">
        <test-method signature="testLoginAPI()[pri:0, instance:qaautomation.march2022.task.APIRegKolak@388526fb]" started-at="2022-05-12T10:52:13 ICT" name="testLoginAPI" finished-at="2022-05-12T10:52:16 ICT" duration-ms="2895" status="PASS">
          <reporter-output>
          </reporter-output>
        </test-method> <!-- testLoginAPI -->
      </class> <!-- qaautomation.march2022.task.APIRegKolak -->
      <class name="qaautomation.march2022.task.AppTestYop">
        <test-method is-config="true" signature="setUp()[pri:0, instance:qaautomation.march2022.task.AppTestYop@2c1156a7]" started-at="2022-05-12T10:52:16 ICT" name="setUp" finished-at="2022-05-12T10:52:25 ICT" duration-ms="8918" status="PASS">
          <reporter-output>
          </reporter-output>
        </test-method> <!-- setUp -->
        <test-method signature="getFirstMsg()[pri:0, instance:qaautomation.march2022.task.AppTestYop@2c1156a7]" started-at="2022-05-12T10:52:25 ICT" name="getFirstMsg" finished-at="2022-05-12T10:52:28 ICT" duration-ms="2377" status="PASS">
          <reporter-output>
          </reporter-output>
        </test-method> <!-- getFirstMsg -->
        <test-method is-config="true" signature="cleanUp()[pri:0, instance:qaautomation.march2022.task.AppTestYop@2c1156a7]" started-at="2022-05-12T10:52:28 ICT" name="cleanUp" finished-at="2022-05-12T10:52:28 ICT" duration-ms="94" status="PASS">
          <reporter-output>
          </reporter-output>
        </test-method> <!-- cleanUp -->
        <test-method is-config="true" signature="setUp()[pri:0, instance:qaautomation.march2022.task.AppTestYop@2c1156a7]" started-at="2022-05-12T10:52:28 ICT" name="setUp" finished-at="2022-05-12T10:52:35 ICT" duration-ms="7357" status="PASS">
          <reporter-output>
          </reporter-output>
        </test-method> <!-- setUp -->
        <test-method signature="searchSuccess()[pri:0, instance:qaautomation.march2022.task.AppTestYop@2c1156a7]" started-at="2022-05-12T10:52:35 ICT" name="searchSuccess" finished-at="2022-05-12T10:52:37 ICT" duration-ms="2346" status="PASS">
          <reporter-output>
          </reporter-output>
        </test-method> <!-- searchSuccess -->
        <test-method is-config="true" signature="cleanUp()[pri:0, instance:qaautomation.march2022.task.AppTestYop@2c1156a7]" started-at="2022-05-12T10:52:37 ICT" name="cleanUp" finished-at="2022-05-12T10:52:38 ICT" duration-ms="70" status="PASS">
          <reporter-output>
          </reporter-output>
        </test-method> <!-- cleanUp -->
      </class> <!-- qaautomation.march2022.task.AppTestYop -->
    </test> <!-- Test -->
  </suite> <!-- Suite -->
</testng-results>
